<?xml version="1.0" encoding="UTF-8"?>
<testng-results ignored="0" total="4" passed="4" failed="0" skipped="0">
  <reporter-output>
  </reporter-output>
  <suite started-at="2026-06-11T17:09:16 IST" name="Suite" finished-at="2026-06-11T17:09:16 IST" duration-ms="108">
    <groups>
    </groups>
    <test started-at="2026-06-11T17:09:16 IST" name="Test" finished-at="2026-06-11T17:09:16 IST" duration-ms="108">
      <class name="testScript2.OrgTest">
        <test-method signature="createContactTest()[pri:0, instance:testScript2.OrgTest@175c2241]" started-at="2026-06-11T17:09:16 IST" name="createContactTest" finished-at="2026-06-11T17:09:16 IST" duration-ms="2" status="PASS">
          <reporter-output>
          </reporter-output>
        </test-method> <!-- createContactTest -->
        <test-method signature="modifyContactTest()[pri:0, instance:testScript2.OrgTest@175c2241]" started-at="2026-06-11T17:09:16 IST" name="modifyContactTest" finished-at="2026-06-11T17:09:16 IST" duration-ms="1" status="PASS">
          <reporter-output>
          </reporter-output>
        </test-method> <!-- modifyContactTest -->
      </class> <!-- testScript2.OrgTest -->
      <class name="TestScript.contactTest">
        <test-method signature="createOrgTest()[pri:0, instance:TestScript.contactTest@411f53a0]" started-at="2026-06-11T17:09:16 IST" name="createOrgTest" finished-at="2026-06-11T17:09:16 IST" duration-ms="16" status="PASS">
          <reporter-output>
          </reporter-output>
        </test-method> <!-- createOrgTest -->
        <test-method signature="modifyOrgTest()[pri:0, instance:TestScript.contactTest@411f53a0]" started-at="2026-06-11T17:09:16 IST" name="modifyOrgTest" finished-at="2026-06-11T17:09:16 IST" duration-ms="2" status="PASS">
          <reporter-output>
          </reporter-output>
        </test-method> <!-- modifyOrgTest -->
      </class> <!-- TestScript.contactTest -->
    </test> <!-- Test -->
  </suite> <!-- Suite -->
</testng-results>
