<?xml version="1.0" encoding="UTF-8"?>
<!-- Generated by org.testng.reporters.JUnitXMLReporter -->
<testsuite ignored="0" hostname="LAPTOP-ADPTUOBU" failures="0" tests="4" name="Test" time="0.108" errors="0" timestamp="2026-06-11T17:09:16 IST">
  <testcase classname="TestScript.contactTest" name="createOrgTest" time="0.016"/>
  <testcase classname="TestScript.contactTest" name="modifyOrgTest" time="0.002"/>
  <testcase classname="testScript2.OrgTest" name="createContactTest" time="0.002"/>
  <testcase classname="testScript2.OrgTest" name="modifyContactTest" time="0.001"/>
</testsuite> <!-- Test -->
